2014/07/01 20:16:42 [error] [exception.CException] exception 'CException' with message 'CAssetManager.basePath "/var/www/scfate/assets" is invalid. Please make sure the directory exists and is writable by the Web server process.' in /var/www/scfate/framework/web/CAssetManager.php:138
Stack trace:
#0 /var/www/scfate/framework/web/CAssetManager.php(123): CAssetManager->setBasePath('/var/www/scfate...')
#1 /var/www/scfate/framework/web/CAssetManager.php(217): CAssetManager->getBasePath()
#2 /var/www/scfate/framework/web/CClientScript.php(510): CAssetManager->publish('/var/www/scfate...')
#3 /var/www/scfate/framework/web/CClientScript.php(547): CClientScript->getCoreScriptUrl()
#4 /var/www/scfate/framework/web/CClientScript.php(348): CClientScript->getPackageBaseUrl('jquery')
#5 /var/www/scfate/framework/web/CClientScript.php(208): CClientScript->renderCoreScripts()
#6 /var/www/scfate/framework/web/CController.php(351): CClientScript->render('<!DOCTYPE html ...')
#7 /var/www/scfate/framework/web/CController.php(788): CController->processOutput('<!DOCTYPE html ...')
#8 /var/www/scfate/protected/controllers/SiteController.php(72): CController->render('contact', Array)
#9 /var/www/scfate/framework/web/actions/CInlineAction.php(49): SiteController->actionContact()
#10 /var/www/scfate/framework/web/CController.php(308): CInlineAction->runWithParams(Array)
#11 /var/www/scfate/framework/web/CController.php(286): CController->runAction(Object(CInlineAction))
#12 /var/www/scfate/framework/web/CController.php(265): CController->runActionWithFilters(Object(CInlineAction), Array)
#13 /var/www/scfate/framework/web/CWebApplication.php(282): CController->run('contact')
#14 /var/www/scfate/framework/web/CWebApplication.php(141): CWebApplication->runController('site/contact')
#15 /var/www/scfate/framework/base/CApplication.php(180): CWebApplication->processRequest()
#16 /var/www/scfate/index.php(13): CApplication->run()
#17 {main}
REQUEST_URI=/scfate/index.php?r=site/contact
HTTP_REFERER=http://localhost/scfate/index.php?r=site/page&view=about
---
2014/07/01 23:19:24 [error] [exception.CHttpException.404] exception 'CHttpException' with message 'Unable to resolve the request "usercreate".' in /var/www/scfate/framework/web/CWebApplication.php:286
Stack trace:
#0 /var/www/scfate/framework/web/CWebApplication.php(141): CWebApplication->runController('usercreate')
#1 /var/www/scfate/framework/base/CApplication.php(180): CWebApplication->processRequest()
#2 /var/www/scfate/index.php(13): CApplication->run()
#3 {main}
REQUEST_URI=/scfate/index.php?r=usercreate
---
2014/07/01 23:29:43 [error] [exception.CHttpException.400] exception 'CHttpException' with message 'Your request is invalid.' in /var/www/scfate/framework/web/CController.php:336
Stack trace:
#0 /var/www/scfate/framework/web/CController.php(309): CController->invalidActionParams(Object(CInlineAction))
#1 /var/www/scfate/framework/web/filters/CFilterChain.php(133): CController->runAction(Object(CInlineAction))
#2 /var/www/scfate/framework/web/filters/CFilter.php(40): CFilterChain->run()
#3 /var/www/scfate/framework/web/CController.php(1145): CFilter->filter(Object(CFilterChain))
#4 /var/www/scfate/framework/web/filters/CInlineFilter.php(58): CController->filterAccessControl(Object(CFilterChain))
#5 /var/www/scfate/framework/web/filters/CFilterChain.php(130): CInlineFilter->filter(Object(CFilterChain))
#6 /var/www/scfate/framework/web/CController.php(291): CFilterChain->run()
#7 /var/www/scfate/framework/web/CController.php(265): CController->runActionWithFilters(Object(CInlineAction), Array)
#8 /var/www/scfate/framework/web/CWebApplication.php(282): CController->run('update')
#9 /var/www/scfate/framework/web/CWebApplication.php(141): CWebApplication->runController('user/update')
#10 /var/www/scfate/framework/base/CApplication.php(180): CWebApplication->processRequest()
#11 /var/www/scfate/index.php(13): CApplication->run()
#12 {main}
REQUEST_URI=/scfate/index.php?r=user/update
---
2014/07/01 23:30:34 [error] [exception.CException] exception 'CException' with message 'User and its behaviors do not have a method or closure named "md5".' in /var/www/scfate/framework/base/CComponent.php:266
Stack trace:
#0 /var/www/scfate/framework/db/ar/CActiveRecord.php(227): CComponent->__call('md5', Array)
#1 /var/www/scfate/protected/models/User.php(129): CActiveRecord->__call('md5', Array)
#2 /var/www/scfate/protected/models/User.php(129): User->md5('123456789')
#3 /var/www/scfate/framework/db/ar/CActiveRecord.php(1071): User->beforeSave()
#4 /var/www/scfate/framework/db/ar/CActiveRecord.php(806): CActiveRecord->insert(NULL)
#5 /var/www/scfate/protected/controllers/UserController.php(73): CActiveRecord->save()
#6 /var/www/scfate/framework/web/actions/CInlineAction.php(49): UserController->actionCreate()
#7 /var/www/scfate/framework/web/CController.php(308): CInlineAction->runWithParams(Array)
#8 /var/www/scfate/framework/web/filters/CFilterChain.php(133): CController->runAction(Object(CInlineAction))
#9 /var/www/scfate/framework/web/filters/CFilter.php(40): CFilterChain->run()
#10 /var/www/scfate/framework/web/CController.php(1145): CFilter->filter(Object(CFilterChain))
#11 /var/www/scfate/framework/web/filters/CInlineFilter.php(58): CController->filterAccessControl(Object(CFilterChain))
#12 /var/www/scfate/framework/web/filters/CFilterChain.php(130): CInlineFilter->filter(Object(CFilterChain))
#13 /var/www/scfate/framework/web/CController.php(291): CFilterChain->run()
#14 /var/www/scfate/framework/web/CController.php(265): CController->runActionWithFilters(Object(CInlineAction), Array)
#15 /var/www/scfate/framework/web/CWebApplication.php(282): CController->run('create')
#16 /var/www/scfate/framework/web/CWebApplication.php(141): CWebApplication->runController('user/create')
#17 /var/www/scfate/framework/base/CApplication.php(180): CWebApplication->processRequest()
#18 /var/www/scfate/index.php(13): CApplication->run()
#19 {main}
REQUEST_URI=/scfate/index.php?r=user/create
HTTP_REFERER=http://localhost/scfate/index.php?r=user/create
---
2014/07/01 23:34:04 [error] [php] Undefined variable: password (/var/www/scfate/protected/models/User.php:130)
Stack trace:
#0 /var/www/scfate/protected/controllers/UserController.php(73): User->save()
#1 /var/www/scfate/framework/web/actions/CInlineAction.php(49): UserController->actionCreate()
#2 /var/www/scfate/framework/web/CController.php(308): CInlineAction->runWithParams()
#3 /var/www/scfate/framework/web/filters/CFilterChain.php(133): UserController->runAction()
#4 /var/www/scfate/framework/web/filters/CFilter.php(40): CFilterChain->run()
#5 /var/www/scfate/framework/web/CController.php(1145): CAccessControlFilter->filter()
#6 /var/www/scfate/framework/web/filters/CInlineFilter.php(58): UserController->filterAccessControl()
#7 /var/www/scfate/framework/web/filters/CFilterChain.php(130): CInlineFilter->filter()
#8 /var/www/scfate/framework/web/CController.php(291): CFilterChain->run()
#9 /var/www/scfate/framework/web/CController.php(265): UserController->runActionWithFilters()
#10 /var/www/scfate/framework/web/CWebApplication.php(282): UserController->run()
#11 /var/www/scfate/framework/web/CWebApplication.php(141): CWebApplication->runController()
#12 /var/www/scfate/framework/base/CApplication.php(180): CWebApplication->processRequest()
#13 /var/www/scfate/index.php(13): CWebApplication->run()
REQUEST_URI=/scfate/index.php?r=user/create
in /var/www/scfate/protected/models/User.php (130)
in /var/www/scfate/protected/controllers/UserController.php (73)
in /var/www/scfate/index.php (13)
2014/07/01 23:35:02 [error] [exception.CHttpException.403] exception 'CHttpException' with message 'You are not authorized to perform this action.' in /var/www/scfate/framework/web/auth/CAccessControlFilter.php:182
Stack trace:
#0 /var/www/scfate/framework/web/auth/CAccessControlFilter.php(145): CAccessControlFilter->accessDenied(Object(CWebUser), 'You are not aut...')
#1 /var/www/scfate/framework/web/filters/CFilter.php(38): CAccessControlFilter->preFilter(Object(CFilterChain))
#2 /var/www/scfate/framework/web/CController.php(1145): CFilter->filter(Object(CFilterChain))
#3 /var/www/scfate/framework/web/filters/CInlineFilter.php(58): CController->filterAccessControl(Object(CFilterChain))
#4 /var/www/scfate/framework/web/filters/CFilterChain.php(130): CInlineFilter->filter(Object(CFilterChain))
#5 /var/www/scfate/framework/web/CController.php(291): CFilterChain->run()
#6 /var/www/scfate/framework/web/CController.php(265): CController->runActionWithFilters(Object(CInlineAction), Array)
#7 /var/www/scfate/framework/web/CWebApplication.php(282): CController->run('admin')
#8 /var/www/scfate/framework/web/CWebApplication.php(141): CWebApplication->runController('user/admin')
#9 /var/www/scfate/framework/base/CApplication.php(180): CWebApplication->processRequest()
#10 /var/www/scfate/index.php(13): CApplication->run()
#11 {main}
REQUEST_URI=/scfate/index.php?r=user/admin
HTTP_REFERER=http://localhost/scfate/index.php?r=site/login
---
2014/07/07 00:51:55 [error] [php] Use of undefined constant ADMIN - assumed 'ADMIN' (/var/www/scfate/protected/controllers/UserController.php:40)
Stack trace:
#0 /var/www/scfate/framework/web/filters/CFilterChain.php(130): CInlineFilter->filter()
#1 /var/www/scfate/framework/web/CController.php(291): CFilterChain->run()
#2 /var/www/scfate/framework/web/CController.php(265): UserController->runActionWithFilters()
#3 /var/www/scfate/framework/web/CWebApplication.php(282): UserController->run()
#4 /var/www/scfate/framework/web/CWebApplication.php(141): CWebApplication->runController()
#5 /var/www/scfate/framework/base/CApplication.php(180): CWebApplication->processRequest()
#6 /var/www/scfate/index.php(13): CWebApplication->run()
REQUEST_URI=/scfate/index.php?r=user/create
in /var/www/scfate/protected/controllers/UserController.php (40)
in /var/www/scfate/index.php (13)
2014/07/07 00:53:00 [error] [php] Use of undefined constant ADMIN - assumed 'ADMIN' (/var/www/scfate/protected/controllers/UserController.php:40)
Stack trace:
#0 /var/www/scfate/framework/web/filters/CFilterChain.php(130): CInlineFilter->filter()
#1 /var/www/scfate/framework/web/CController.php(291): CFilterChain->run()
#2 /var/www/scfate/framework/web/CController.php(265): UserController->runActionWithFilters()
#3 /var/www/scfate/framework/web/CWebApplication.php(282): UserController->run()
#4 /var/www/scfate/framework/web/CWebApplication.php(141): CWebApplication->runController()
#5 /var/www/scfate/framework/base/CApplication.php(180): CWebApplication->processRequest()
#6 /var/www/scfate/index.php(13): CWebApplication->run()
REQUEST_URI=/scfate/index.php?r=user/create
in /var/www/scfate/protected/controllers/UserController.php (40)
in /var/www/scfate/index.php (13)
2014/07/07 00:53:26 [error] [php] Use of undefined constant ADMIN - assumed 'ADMIN' (/var/www/scfate/protected/controllers/UserController.php:40)
Stack trace:
#0 /var/www/scfate/framework/web/filters/CFilterChain.php(130): CInlineFilter->filter()
#1 /var/www/scfate/framework/web/CController.php(291): CFilterChain->run()
#2 /var/www/scfate/framework/web/CController.php(265): UserController->runActionWithFilters()
#3 /var/www/scfate/framework/web/CWebApplication.php(282): UserController->run()
#4 /var/www/scfate/framework/web/CWebApplication.php(141): CWebApplication->runController()
#5 /var/www/scfate/framework/base/CApplication.php(180): CWebApplication->processRequest()
#6 /var/www/scfate/index.php(13): CWebApplication->run()
REQUEST_URI=/scfate/index.php?r=user/create
in /var/www/scfate/protected/controllers/UserController.php (40)
in /var/www/scfate/index.php (13)
2014/07/07 00:53:28 [error] [php] Use of undefined constant ADMIN - assumed 'ADMIN' (/var/www/scfate/protected/controllers/UserController.php:40)
Stack trace:
#0 /var/www/scfate/framework/web/filters/CFilterChain.php(130): CInlineFilter->filter()
#1 /var/www/scfate/framework/web/CController.php(291): CFilterChain->run()
#2 /var/www/scfate/framework/web/CController.php(265): UserController->runActionWithFilters()
#3 /var/www/scfate/framework/web/CWebApplication.php(282): UserController->run()
#4 /var/www/scfate/framework/web/CWebApplication.php(141): CWebApplication->runController()
#5 /var/www/scfate/framework/base/CApplication.php(180): CWebApplication->processRequest()
#6 /var/www/scfate/index.php(13): CWebApplication->run()
REQUEST_URI=/scfate/index.php?r=user/create
in /var/www/scfate/protected/controllers/UserController.php (40)
in /var/www/scfate/index.php (13)
2014/07/07 01:16:06 [error] [php] Use of undefined constant ADMIN - assumed 'ADMIN' (/var/www/scfate/protected/controllers/UserController.php:40)
Stack trace:
#0 /var/www/scfate/framework/web/filters/CFilterChain.php(130): CInlineFilter->filter()
#1 /var/www/scfate/framework/web/CController.php(291): CFilterChain->run()
#2 /var/www/scfate/framework/web/CController.php(265): UserController->runActionWithFilters()
#3 /var/www/scfate/framework/web/CWebApplication.php(282): UserController->run()
#4 /var/www/scfate/framework/web/CWebApplication.php(141): CWebApplication->runController()
#5 /var/www/scfate/framework/base/CApplication.php(180): CWebApplication->processRequest()
#6 /var/www/scfate/index.php(13): CWebApplication->run()
REQUEST_URI=/scfate/index.php?r=user/create
in /var/www/scfate/protected/controllers/UserController.php (40)
in /var/www/scfate/index.php (13)
2014/07/07 01:16:07 [error] [php] Use of undefined constant ADMIN - assumed 'ADMIN' (/var/www/scfate/protected/controllers/UserController.php:40)
Stack trace:
#0 /var/www/scfate/framework/web/filters/CFilterChain.php(130): CInlineFilter->filter()
#1 /var/www/scfate/framework/web/CController.php(291): CFilterChain->run()
#2 /var/www/scfate/framework/web/CController.php(265): UserController->runActionWithFilters()
#3 /var/www/scfate/framework/web/CWebApplication.php(282): UserController->run()
#4 /var/www/scfate/framework/web/CWebApplication.php(141): CWebApplication->runController()
#5 /var/www/scfate/framework/base/CApplication.php(180): CWebApplication->processRequest()
#6 /var/www/scfate/index.php(13): CWebApplication->run()
REQUEST_URI=/scfate/index.php?r=user/create
in /var/www/scfate/protected/controllers/UserController.php (40)
in /var/www/scfate/index.php (13)
2014/07/07 01:16:20 [error] [php] Use of undefined constant ADMIN - assumed 'ADMIN' (/var/www/scfate/protected/controllers/UserController.php:40)
Stack trace:
#0 /var/www/scfate/framework/web/filters/CFilterChain.php(130): CInlineFilter->filter()
#1 /var/www/scfate/framework/web/CController.php(291): CFilterChain->run()
#2 /var/www/scfate/framework/web/CController.php(265): UserController->runActionWithFilters()
#3 /var/www/scfate/framework/web/CWebApplication.php(282): UserController->run()
#4 /var/www/scfate/framework/web/CWebApplication.php(141): CWebApplication->runController()
#5 /var/www/scfate/framework/base/CApplication.php(180): CWebApplication->processRequest()
#6 /var/www/scfate/index.php(13): CWebApplication->run()
REQUEST_URI=/scfate/index.php?r=user/create
in /var/www/scfate/protected/controllers/UserController.php (40)
in /var/www/scfate/index.php (13)
2014/07/07 01:17:15 [error] [php] Use of undefined constant ADMIN - assumed 'ADMIN' (/var/www/scfate/protected/controllers/UserController.php:40)
Stack trace:
#0 /var/www/scfate/framework/web/filters/CFilterChain.php(130): CInlineFilter->filter()
#1 /var/www/scfate/framework/web/CController.php(291): CFilterChain->run()
#2 /var/www/scfate/framework/web/CController.php(265): UserController->runActionWithFilters()
#3 /var/www/scfate/framework/web/CWebApplication.php(282): UserController->run()
#4 /var/www/scfate/framework/web/CWebApplication.php(141): CWebApplication->runController()
#5 /var/www/scfate/framework/base/CApplication.php(180): CWebApplication->processRequest()
#6 /var/www/scfate/index.php(13): CWebApplication->run()
REQUEST_URI=/scfate/index.php?r=user/create
in /var/www/scfate/protected/controllers/UserController.php (40)
in /var/www/scfate/index.php (13)
2014/07/07 01:17:33 [error] [php] Use of undefined constant ADMIN - assumed 'ADMIN' (/var/www/scfate/protected/controllers/UserController.php:40)
Stack trace:
#0 /var/www/scfate/framework/web/filters/CFilterChain.php(130): CInlineFilter->filter()
#1 /var/www/scfate/framework/web/CController.php(291): CFilterChain->run()
#2 /var/www/scfate/framework/web/CController.php(265): UserController->runActionWithFilters()
#3 /var/www/scfate/framework/web/CWebApplication.php(282): UserController->run()
#4 /var/www/scfate/framework/web/CWebApplication.php(141): CWebApplication->runController()
#5 /var/www/scfate/framework/base/CApplication.php(180): CWebApplication->processRequest()
#6 /var/www/scfate/index.php(13): CWebApplication->run()
REQUEST_URI=/scfate/index.php?r=user/create
in /var/www/scfate/protected/controllers/UserController.php (40)
in /var/www/scfate/index.php (13)
2014/07/07 01:17:34 [error] [php] Use of undefined constant ADMIN - assumed 'ADMIN' (/var/www/scfate/protected/controllers/UserController.php:40)
Stack trace:
#0 /var/www/scfate/framework/web/filters/CFilterChain.php(130): CInlineFilter->filter()
#1 /var/www/scfate/framework/web/CController.php(291): CFilterChain->run()
#2 /var/www/scfate/framework/web/CController.php(265): UserController->runActionWithFilters()
#3 /var/www/scfate/framework/web/CWebApplication.php(282): UserController->run()
#4 /var/www/scfate/framework/web/CWebApplication.php(141): CWebApplication->runController()
#5 /var/www/scfate/framework/base/CApplication.php(180): CWebApplication->processRequest()
#6 /var/www/scfate/index.php(13): CWebApplication->run()
REQUEST_URI=/scfate/index.php?r=user/create
in /var/www/scfate/protected/controllers/UserController.php (40)
in /var/www/scfate/index.php (13)
2014/07/07 01:17:44 [error] [php] Use of undefined constant ADMIN - assumed 'ADMIN' (/var/www/scfate/protected/controllers/UserController.php:40)
Stack trace:
#0 /var/www/scfate/framework/web/filters/CFilterChain.php(130): CInlineFilter->filter()
#1 /var/www/scfate/framework/web/CController.php(291): CFilterChain->run()
#2 /var/www/scfate/framework/web/CController.php(265): UserController->runActionWithFilters()
#3 /var/www/scfate/framework/web/CWebApplication.php(282): UserController->run()
#4 /var/www/scfate/framework/web/CWebApplication.php(141): CWebApplication->runController()
#5 /var/www/scfate/framework/base/CApplication.php(180): CWebApplication->processRequest()
#6 /var/www/scfate/index.php(13): CWebApplication->run()
REQUEST_URI=/scfate/index.php?r=user/create
in /var/www/scfate/protected/controllers/UserController.php (40)
in /var/www/scfate/index.php (13)
2014/07/07 01:20:01 [error] [php] Use of undefined constant ADMIN - assumed 'ADMIN' (/var/www/scfate/protected/controllers/UserController.php:40)
Stack trace:
#0 /var/www/scfate/framework/web/filters/CFilterChain.php(130): CInlineFilter->filter()
#1 /var/www/scfate/framework/web/CController.php(291): CFilterChain->run()
#2 /var/www/scfate/framework/web/CController.php(265): UserController->runActionWithFilters()
#3 /var/www/scfate/framework/web/CWebApplication.php(282): UserController->run()
#4 /var/www/scfate/framework/web/CWebApplication.php(141): CWebApplication->runController()
#5 /var/www/scfate/framework/base/CApplication.php(180): CWebApplication->processRequest()
#6 /var/www/scfate/index.php(13): CWebApplication->run()
REQUEST_URI=/scfate/index.php?r=user/create
in /var/www/scfate/protected/controllers/UserController.php (40)
in /var/www/scfate/index.php (13)
